<?xml version="1.0" encoding="UTF-8"?>
<!-- Generated by org.testng.reporters.JUnitXMLReporter -->
<testsuite ignored="3" hostname="DESKTOP-QKHCBTS" failures="0" tests="1" name="Default test" time="15.636" errors="0" timestamp="2024-07-16T15:29:40 NPT">
  <testcase classname="automationQA.ActionTest" name="rightClickOnSigninTest" time="15.274"/>
  <testcase classname="automationQA.ActionTest" name="hoverAndClickOnSigninTest" time="0.0">
    <ignored/>
  </testcase> <!-- hoverAndClickOnSigninTest -->
  <testcase classname="automationQA.ActionTest" name="hoveronAccountTest" time="0.0">
    <ignored/>
  </testcase> <!-- hoveronAccountTest -->
  <testcase classname="automationQA.ActionTest" name="hoverOnSigninTest" time="0.0">
    <ignored/>
  </testcase> <!-- hoverOnSigninTest -->
</testsuite> <!-- Default test -->
