<?xml version="1.0" encoding="UTF-8"?>
<!-- Generated by org.testng.reporters.JUnitXMLReporter -->
<testsuite ignored="1" hostname="DESKTOP-QKHCBTS" failures="0" tests="1" name="Default test" time="22.153" errors="0" timestamp="2024-07-16T15:20:01 NPT">
  <testcase classname="automationQA.ActionTest" name="hoverOnSigninTest" time="21.428"/>
  <testcase classname="automationQA.ActionTest" name="hoveronAccountTest" time="0.0">
    <ignored/>
  </testcase> <!-- hoveronAccountTest -->
</testsuite> <!-- Default test -->
