<?xml version="1.0" encoding="UTF-8"?>
<!-- Generated by org.testng.reporters.JUnitXMLReporter -->
<testsuite ignored="2" hostname="DESKTOP-QKHCBTS" failures="0" tests="1" name="Default test" time="12.549" errors="0" timestamp="2024-07-16T18:32:29 NPT">
  <testcase classname="com.qa.pacifichunt.JSExecutors" name="lastTopJob" time="8.893"/>
  <testcase classname="com.qa.pacifichunt.JSExecutors" name="clickTermsOfServices" time="0.0">
    <ignored/>
  </testcase> <!-- clickTermsOfServices -->
  <testcase classname="com.qa.pacifichunt.JSExecutors" name="clickPrivacyAndPolicy" time="0.0">
    <ignored/>
  </testcase> <!-- clickPrivacyAndPolicy -->
</testsuite> <!-- Default test -->
