<?xml version="1.0" encoding="UTF-8"?>
<!-- Generated by org.testng.reporters.JUnitXMLReporter -->
<testsuite ignored="2" hostname="DESKTOP-QKHCBTS" failures="0" tests="1" name="Default test" time="12.021" errors="0" timestamp="2024-07-16T13:24:26 NPT">
  <testcase classname="alerts.AlertTest" name="alertWithTextBox" time="11.947"/>
  <testcase classname="alerts.AlertTest" name="alertOkTest" time="0.0">
    <ignored/>
  </testcase> <!-- alertOkTest -->
  <testcase classname="alerts.AlertTest" name="alertWithOkAndCancel" time="0.0">
    <ignored/>
  </testcase> <!-- alertWithOkAndCancel -->
</testsuite> <!-- Default test -->
