<?xml version="1.0" encoding="UTF-8"?>
<!-- Generated by org.testng.reporters.JUnitXMLReporter -->
<testsuite ignored="1" hostname="DESKTOP-QKHCBTS" failures="0" tests="1" name="Default test" time="13.076" errors="0" timestamp="2024-07-19T08:26:04 NPT">
  <testcase classname="properties.ConfigurationTest" name="loginAsJobSeeker" time="4.67"/>
  <testcase classname="properties.ConfigurationTest" name="loginAsEmployer" time="0.0">
    <ignored/>
  </testcase> <!-- loginAsEmployer -->
</testsuite> <!-- Default test -->
