<?xml version="1.0" encoding="UTF-8"?>
<!-- Generated by org.testng.reporters.JUnitXMLReporter -->
<testsuite ignored="2" hostname="DESKTOP-QKHCBTS" failures="0" tests="1" name="Default test" time="25.878" errors="0" timestamp="2024-07-16T15:22:52 NPT">
  <testcase classname="automationQA.ActionTest" name="hoverAndClickOnSigninTest" time="24.507"/>
  <testcase classname="automationQA.ActionTest" name="hoverOnSigninTest" time="0.0">
    <ignored/>
  </testcase> <!-- hoverOnSigninTest -->
  <testcase classname="automationQA.ActionTest" name="hoveronAccountTest" time="0.0">
    <ignored/>
  </testcase> <!-- hoveronAccountTest -->
</testsuite> <!-- Default test -->
