<?xml version="1.0" encoding="UTF-8"?>
<!-- Generated by org.testng.reporters.JUnitXMLReporter -->
<testsuite ignored="5" hostname="DESKTOP-QKHCBTS" failures="0" tests="1" name="Default test" time="11.232" errors="0" timestamp="2024-07-11T09:59:23 NPT">
  <testcase classname="LoginAndSignUpWithRegisteredUser.SignUpAndLoginTest" name="verifyInvalidPassword" time="10.732"/>
  <testcase classname="LoginAndSignUpWithRegisteredUser.SignUpAndLoginTest" name="InvalidEmail" time="0.0">
    <ignored/>
  </testcase> <!-- InvalidEmail -->
  <testcase classname="LoginAndSignUpWithRegisteredUser.SignUpAndLoginTest" name="registerAndlogin" time="0.0">
    <ignored/>
  </testcase> <!-- registerAndlogin -->
  <testcase classname="LoginAndSignUpWithRegisteredUser.SignUpAndLoginTest" name="verifyInvalidEmail" time="0.0">
    <ignored/>
  </testcase> <!-- verifyInvalidEmail -->
  <testcase classname="LoginAndSignUpWithRegisteredUser.SignUpAndLoginTest" name="unmatchedPasswordAndConfirmpassword" time="0.0">
    <ignored/>
  </testcase> <!-- unmatchedPasswordAndConfirmpassword -->
  <testcase classname="LoginAndSignUpWithRegisteredUser.SignUpAndLoginTest" name="invalidPassword" time="0.0">
    <ignored/>
  </testcase> <!-- invalidPassword -->
</testsuite> <!-- Default test -->
