<?xml version="1.0" encoding="UTF-8"?>
<!-- Generated by org.testng.reporters.JUnitXMLReporter -->
<testsuite ignored="1" hostname="DESKTOP-QKHCBTS" failures="0" tests="2" name="Default test" time="15.34" errors="0" timestamp="2024-07-09T13:55:20 NPT">
  <testcase classname="automationQA.LoginTest" name="verifyInvalidEmail" time="6.609"/>
  <testcase classname="automationQA.LoginTest" name="verifyInvalidPassword" time="8.179"/>
  <testcase classname="automationQA.LoginTest" name="verifyValidaLogin" time="0.0">
    <ignored/>
  </testcase> <!-- verifyValidaLogin -->
</testsuite> <!-- Default test -->
