<?xml version="1.0" encoding="UTF-8"?>
<!-- Generated by org.testng.reporters.JUnitXMLReporter -->
<testsuite ignored="1" hostname="DESKTOP-QKHCBTS" failures="0" tests="1" name="Default test" time="15.982" errors="0" timestamp="2024-07-17T17:34:41 NPT">
  <testcase classname="windowhandles.LoginAsGmail" name="loginAsApple" time="13.411"/>
  <testcase classname="windowhandles.LoginAsGmail" name="loginAsGmail" time="0.0">
    <ignored/>
  </testcase> <!-- loginAsGmail -->
</testsuite> <!-- Default test -->
