<?xml version="1.0" encoding="UTF-8"?>
<!-- Generated by org.testng.reporters.JUnitXMLReporter -->
<testsuite ignored="3" hostname="DESKTOP-QKHCBTS" failures="0" tests="1" name="Default test" time="21.637" errors="0" timestamp="2024-07-10T12:59:06 NPT">
  <testcase classname="LoginAndSignUpWithRegisteredUser.SignUpTest" name="registerAndlogin" time="21.14"/>
  <testcase classname="LoginAndSignUpWithRegisteredUser.SignUpTest" name="invalidPassword" time="0.0">
    <ignored/>
  </testcase> <!-- invalidPassword -->
  <testcase classname="LoginAndSignUpWithRegisteredUser.SignUpTest" name="unmatchedPasswordAndConfirmpassword" time="0.0">
    <ignored/>
  </testcase> <!-- unmatchedPasswordAndConfirmpassword -->
  <testcase classname="LoginAndSignUpWithRegisteredUser.SignUpTest" name="InvalidEmail" time="0.0">
    <ignored/>
  </testcase> <!-- InvalidEmail -->
</testsuite> <!-- Default test -->
