<?xml version="1.0" encoding="UTF-8"?>
<!-- Generated by org.testng.reporters.JUnitXMLReporter -->
<testsuite ignored="1" hostname="DESKTOP-QKHCBTS" failures="0" tests="1" name="Default test" time="6.187" errors="0" timestamp="2024-07-16T18:01:41 NPT">
  <testcase classname="com.qa.pacifichunt.JSExecutors" name="clickTermsOfServices" time="3.928"/>
  <testcase classname="com.qa.pacifichunt.JSExecutors" name="clickPrivacyAndPolicy" time="0.0">
    <ignored/>
  </testcase> <!-- clickPrivacyAndPolicy -->
</testsuite> <!-- Default test -->
