<?xml version="1.0" encoding="UTF-8"?>
<testng-results ignored="2" total="3" passed="1" failed="0" skipped="0">
  <reporter-output>
    <line>
      <![CDATA[Test Completed]]>
    </line>
  </reporter-output>
  <suite started-at="2024-07-16T15:22:26 NPT" name="Default suite" finished-at="2024-07-16T15:22:52 NPT" duration-ms="25878">
    <groups>
    </groups>
    <test started-at="2024-07-16T15:22:26 NPT" name="Default test" finished-at="2024-07-16T15:22:52 NPT" duration-ms="25878">
      <class name="automationQA.ActionTest">
        <test-method signature="hoverAndClickOnSigninTest()[pri:0, instance:automationQA.ActionTest@290222c1]" started-at="2024-07-16T15:22:26 NPT" name="hoverAndClickOnSigninTest" finished-at="2024-07-16T15:22:50 NPT" duration-ms="24507" status="PASS">
          <reporter-output>
          </reporter-output>
        </test-method> <!-- hoverAndClickOnSigninTest -->
        <test-method is-config="true" signature="closeBrowser()[pri:0, instance:automationQA.ActionTest@290222c1]" started-at="2024-07-16T15:22:50 NPT" name="closeBrowser" finished-at="2024-07-16T15:22:52 NPT" duration-ms="1329" status="PASS">
          <reporter-output>
            <line>
              <![CDATA[Test Completed]]>
            </line>
          </reporter-output>
        </test-method> <!-- closeBrowser -->
      </class> <!-- automationQA.ActionTest -->
    </test> <!-- Default test -->
  </suite> <!-- Default suite -->
</testng-results>
